{"EventID": 22, "UtcTime": "2026-04-14 08:50:12.000", "QueryName": "www.deepl.com", "QueryStatus": "0", "Image": "Code.exe", "Computer": "WKS-ALI00", "User": "CONTOSO\\frank"}
{"EventID": 22, "UtcTime": "2026-04-14 11:55:43.000", "QueryName": "github.com", "QueryStatus": "0", "Image": "Teams.exe", "Computer": "WKS-LEO11", "User": "CONTOSO\\kate"}
{"EventID": 22, "UtcTime": "2026-04-14 16:53:47.000", "QueryName": "chat.deepseek.com", "QueryStatus": "0", "Image": "brave.exe", "Computer": "WKS-IRI08", "User": "CONTOSO\\alice"}
{"EventID": 22, "UtcTime": "2026-04-14 18:40:06.000", "QueryName": "dns.google", "QueryStatus": "0", "Image": "brave.exe", "Computer": "WKS-JAC09", "User": "CONTOSO\\leo"}
{"@timestamp": "2026-04-14T02:27:06.000Z", "event": {"code": "22"}, "host": {"name": "WKS-LEO11"}, "user": {"name": "leo"}, "winlog": {"event_data": {"QueryName": "chat.deepseek.com", "QueryStatus": "0", "Image": "brave.exe"}}}
{"@timestamp": "2026-04-14T06:18:22.000Z", "event": {"code": "22"}, "host": {"name": "WKS-ALI00"}, "user": {"name": "kate"}, "winlog": {"event_data": {"QueryName": "www.midjourney.com", "QueryStatus": "0", "Image": "brave.exe"}}}
{"@timestamp": "2026-04-14T10:13:21.000Z", "event": {"code": "22"}, "host": {"name": "WKS-HEN07"}, "user": {"name": "david"}, "winlog": {"event_data": {"QueryName": "copilot.microsoft.com", "QueryStatus": "0", "Image": "Cursor.exe"}}}
{"@timestamp": "2026-04-14T20:21:50.000Z", "event": {"code": "22"}, "host": {"name": "WKS-CAR02"}, "user": {"name": "carol"}, "winlog": {"event_data": {"QueryName": "copilot.microsoft.com", "QueryStatus": "0", "Image": "firefox.exe"}}}
{"EventID": 22, "UtcTime": "2026-04-15 08:18:20.000", "QueryName": "perplexity.ai", "QueryStatus": "0", "Image": "Outlook.exe", "Computer": "WKS-BOB01", "User": "CONTOSO\\alice"}
{"EventID": 22, "UtcTime": "2026-04-15 10:42:42.000", "QueryName": "pypi.org", "QueryStatus": "0", "Image": "brave.exe", "Computer": "WKS-BOB01", "User": "CONTOSO\\iris"}
{"EventID": 22, "UtcTime": "2026-04-15 11:21:49.000", "QueryName": "copilot.microsoft.com", "QueryStatus": "0", "Image": "firefox.exe", "Computer": "WKS-CAR02", "User": "CONTOSO\\jack"}
{"EventID": 22, "UtcTime": "2026-04-15 11:54:49.000", "QueryName": "api.github.com", "QueryStatus": "0", "Image": "brave.exe", "Computer": "WKS-GRA06", "User": "CONTOSO\\alice"}
{"EventID": 22, "UtcTime": "2026-04-15 12:58:21.000", "QueryName": "perplexity.ai", "QueryStatus": "0", "Image": "msedge.exe", "Computer": "WKS-FRA05", "User": "CONTOSO\\alice"}
{"EventID": 22, "UtcTime": "2026-04-15 13:42:47.000", "QueryName": "www.midjourney.com", "QueryStatus": "0", "Image": "Teams.exe", "Computer": "WKS-LEO11", "User": "CONTOSO\\iris"}
{"EventID": 22, "UtcTime": "2026-04-15 17:51:57.000", "QueryName": "dns.google", "QueryStatus": "0", "Image": "Outlook.exe", "Computer": "WKS-CAR02", "User": "CONTOSO\\leo"}
{"@timestamp": "2026-04-15T10:24:12.000Z", "event": {"code": "22"}, "host": {"name": "WKS-JAC09"}, "user": {"name": "iris"}, "winlog": {"event_data": {"QueryName": "api.github.com", "QueryStatus": "0", "Image": "msedge.exe"}}}
{"@timestamp": "2026-04-15T12:20:47.000Z", "event": {"code": "22"}, "host": {"name": "WKS-GRA06"}, "user": {"name": "carol"}, "winlog": {"event_data": {"QueryName": "pypi.org", "QueryStatus": "0", "Image": "Cursor.exe"}}}
{"@timestamp": "2026-04-15T15:22:21.000Z", "event": {"code": "22"}, "host": {"name": "WKS-IRI08"}, "user": {"name": "iris"}, "winlog": {"event_data": {"QueryName": "api.anthropic.com", "QueryStatus": "0", "Image": "Teams.exe"}}}
{"@timestamp": "2026-04-15T17:01:03.000Z", "event": {"code": "22"}, "host": {"name": "WKS-FRA05"}, "user": {"name": "david"}, "winlog": {"event_data": {"QueryName": "www.midjourney.com", "QueryStatus": "0", "Image": "msedge.exe"}}}
{"@timestamp": "2026-04-15T17:56:35.000Z", "event": {"code": "22"}, "host": {"name": "WKS-FRA05"}, "user": {"name": "jack"}, "winlog": {"event_data": {"QueryName": "www.perplexity.ai", "QueryStatus": "0", "Image": "Cursor.exe"}}}
{"@timestamp": "2026-04-15T18:51:22.000Z", "event": {"code": "22"}, "host": {"name": "WKS-BOB01"}, "user": {"name": "grace"}, "winlog": {"event_data": {"QueryName": "api.openai.com", "QueryStatus": "0", "Image": "firefox.exe"}}}
{"@timestamp": "2026-04-15T19:18:48.000Z", "event": {"code": "22"}, "host": {"name": "WKS-LEO11"}, "user": {"name": "henry"}, "winlog": {"event_data": {"QueryName": "api.github.com", "QueryStatus": "0", "Image": "Cursor.exe"}}}
{"EventID": 22, "UtcTime": "2026-04-16 08:03:23.000", "QueryName": "www.perplexity.ai", "QueryStatus": "0", "Image": "chrome.exe", "Computer": "WKS-EVE04", "User": "CONTOSO\\bob"}
{"EventID": 22, "UtcTime": "2026-04-16 11:33:26.000", "QueryName": "www.microsoft.com", "QueryStatus": "0", "Image": "msedge.exe", "Computer": "WKS-JAC09", "User": "CONTOSO\\kate"}
{"EventID": 22, "UtcTime": "2026-04-16 12:53:10.000", "QueryName": "api.openai.com", "QueryStatus": "0", "Image": "Code.exe", "Computer": "WKS-EVE04", "User": "CONTOSO\\henry"}
{"EventID": 22, "UtcTime": "2026-04-16 13:03:25.000", "QueryName": "api.anthropic.com", "QueryStatus": "0", "Image": "Cursor.exe", "Computer": "WKS-IRI08", "User": "CONTOSO\\frank"}
{"EventID": 22, "UtcTime": "2026-04-16 14:33:07.000", "QueryName": "chat.deepseek.com", "QueryStatus": "0", "Image": "Outlook.exe", "Computer": "WKS-LEO11", "User": "CONTOSO\\bob"}
{"EventID": 22, "UtcTime": "2026-04-16 16:17:52.000", "QueryName": "cursor.sh", "QueryStatus": "0", "Image": "Code.exe", "Computer": "WKS-ALI00", "User": "CONTOSO\\eve"}
{"EventID": 22, "UtcTime": "2026-04-16 17:35:45.000", "QueryName": "perplexity.ai", "QueryStatus": "0", "Image": "powershell.exe", "Computer": "WKS-FRA05", "User": "CONTOSO\\grace"}
{"EventID": 22, "UtcTime": "2026-04-16 18:38:05.000", "QueryName": "api.openai.com", "QueryStatus": "0", "Image": "msedge.exe", "Computer": "WKS-ALI00", "User": "CONTOSO\\carol"}
{"@timestamp": "2026-04-16T09:08:02.000Z", "event": {"code": "22"}, "host": {"name": "WKS-ALI00"}, "user": {"name": "eve"}, "winlog": {"event_data": {"QueryName": "teams.microsoft.com", "QueryStatus": "0", "Image": "Outlook.exe"}}}
{"@timestamp": "2026-04-16T10:17:28.000Z", "event": {"code": "22"}, "host": {"name": "WKS-IRI08"}, "user": {"name": "carol"}, "winlog": {"event_data": {"QueryName": "teams.microsoft.com", "QueryStatus": "0", "Image": "Teams.exe"}}}
{"EventID": 22, "UtcTime": "2026-04-17 08:57:05.000", "QueryName": "github.com", "QueryStatus": "0", "Image": "Cursor.exe", "Computer": "WKS-ALI00", "User": "CONTOSO\\eve"}
{"EventID": 22, "UtcTime": "2026-04-17 09:20:27.000", "QueryName": "grok.com", "QueryStatus": "0", "Image": "Code.exe", "Computer": "WKS-FRA05", "User": "CONTOSO\\kate"}
{"EventID": 22, "UtcTime": "2026-04-17 11:31:58.000", "QueryName": "copilot.microsoft.com", "QueryStatus": "0", "Image": "Cursor.exe", "Computer": "WKS-JAC09", "User": "CONTOSO\\carol"}
{"EventID": 22, "UtcTime": "2026-04-17 12:15:19.000", "QueryName": "grok.com", "QueryStatus": "0", "Image": "Cursor.exe", "Computer": "WKS-BOB01", "User": "CONTOSO\\alice"}
{"EventID": 22, "UtcTime": "2026-04-17 13:52:08.000", "QueryName": "registry.npmjs.org", "QueryStatus": "0", "Image": "powershell.exe", "Computer": "WKS-KAT10", "User": "CONTOSO\\leo"}
{"EventID": 22, "UtcTime": "2026-04-17 14:10:44.000", "QueryName": "dns.google", "QueryStatus": "0", "Image": "Outlook.exe", "Computer": "WKS-HEN07", "User": "CONTOSO\\frank"}
{"EventID": 22, "UtcTime": "2026-04-17 15:00:46.000", "QueryName": "dns.google", "QueryStatus": "0", "Image": "msedge.exe", "Computer": "WKS-CAR02", "User": "CONTOSO\\grace"}
{"EventID": 22, "UtcTime": "2026-04-17 15:54:19.000", "QueryName": "registry.npmjs.org", "QueryStatus": "0", "Image": "Outlook.exe", "Computer": "WKS-DAV03", "User": "CONTOSO\\grace"}
{"EventID": 22, "UtcTime": "2026-04-17 16:07:29.000", "QueryName": "github.com", "QueryStatus": "0", "Image": "Code.exe", "Computer": "WKS-FRA05", "User": "CONTOSO\\kate"}
{"@timestamp": "2026-04-17T08:04:42.000Z", "event": {"code": "22"}, "host": {"name": "WKS-KAT10"}, "user": {"name": "grace"}, "winlog": {"event_data": {"QueryName": "gemini.google.com", "QueryStatus": "0", "Image": "brave.exe"}}}
{"@timestamp": "2026-04-17T13:45:05.000Z", "event": {"code": "22"}, "host": {"name": "WKS-IRI08"}, "user": {"name": "kate"}, "winlog": {"event_data": {"QueryName": "registry.npmjs.org", "QueryStatus": "0", "Image": "msedge.exe"}}}
{"EventID": 22, "UtcTime": "2026-04-18 09:26:22.000", "QueryName": "gemini.google.com", "QueryStatus": "0", "Image": "firefox.exe", "Computer": "WKS-KAT10", "User": "CONTOSO\\grace"}
{"EventID": 22, "UtcTime": "2026-04-18 13:19:41.000", "QueryName": "www.microsoft.com", "QueryStatus": "0", "Image": "Teams.exe", "Computer": "WKS-LEO11", "User": "CONTOSO\\kate"}
{"@timestamp": "2026-04-18T10:23:23.000Z", "event": {"code": "22"}, "host": {"name": "WKS-EVE04"}, "user": {"name": "grace"}, "winlog": {"event_data": {"QueryName": "chat.openai.com", "QueryStatus": "0", "Image": "Teams.exe"}}}
{"@timestamp": "2026-04-18T12:01:53.000Z", "event": {"code": "22"}, "host": {"name": "WKS-KAT10"}, "user": {"name": "grace"}, "winlog": {"event_data": {"QueryName": "www.microsoft.com", "QueryStatus": "0", "Image": "Code.exe"}}}
{"@timestamp": "2026-04-18T13:05:27.000Z", "event": {"code": "22"}, "host": {"name": "WKS-BOB01"}, "user": {"name": "david"}, "winlog": {"event_data": {"QueryName": "perplexity.ai", "QueryStatus": "0", "Image": "Teams.exe"}}}
{"@timestamp": "2026-04-18T14:45:40.000Z", "event": {"code": "22"}, "host": {"name": "WKS-GRA06"}, "user": {"name": "eve"}, "winlog": {"event_data": {"QueryName": "gemini.google.com", "QueryStatus": "0", "Image": "chrome.exe"}}}
{"@timestamp": "2026-04-18T17:02:46.000Z", "event": {"code": "22"}, "host": {"name": "WKS-KAT10"}, "user": {"name": "iris"}, "winlog": {"event_data": {"QueryName": "api.openai.com", "QueryStatus": "0", "Image": "Code.exe"}}}
{"@timestamp": "2026-04-18T18:30:14.000Z", "event": {"code": "22"}, "host": {"name": "WKS-BOB01"}, "user": {"name": "frank"}, "winlog": {"event_data": {"QueryName": "www.perplexity.ai", "QueryStatus": "0", "Image": "powershell.exe"}}}
{"EventID": 22, "UtcTime": "2026-04-19 08:05:47.000", "QueryName": "gemini.google.com", "QueryStatus": "0", "Image": "Teams.exe", "Computer": "WKS-IRI08", "User": "CONTOSO\\david"}
{"EventID": 22, "UtcTime": "2026-04-19 12:49:51.000", "QueryName": "copilot.microsoft.com", "QueryStatus": "0", "Image": "brave.exe", "Computer": "WKS-DAV03", "User": "CONTOSO\\jack"}
{"EventID": 22, "UtcTime": "2026-04-19 13:06:35.000", "QueryName": "copilot.microsoft.com", "QueryStatus": "0", "Image": "Code.exe", "Computer": "WKS-KAT10", "User": "CONTOSO\\grace"}
{"EventID": 22, "UtcTime": "2026-04-19 13:49:10.000", "QueryName": "api.github.com", "QueryStatus": "0", "Image": "chrome.exe", "Computer": "WKS-BOB01", "User": "CONTOSO\\iris"}
{"EventID": 22, "UtcTime": "2026-04-19 14:38:52.000", "QueryName": "cursor.sh", "QueryStatus": "0", "Image": "Code.exe", "Computer": "WKS-CAR02", "User": "CONTOSO\\iris"}
{"EventID": 22, "UtcTime": "2026-04-19 15:04:30.000", "QueryName": "gemini.google.com", "QueryStatus": "0", "Image": "Code.exe", "Computer": "WKS-HEN07", "User": "CONTOSO\\kate"}
{"EventID": 22, "UtcTime": "2026-04-19 15:33:42.000", "QueryName": "chat.openai.com", "QueryStatus": "0", "Image": "Cursor.exe", "Computer": "WKS-EVE04", "User": "CONTOSO\\alice"}
{"EventID": 22, "UtcTime": "2026-04-19 17:28:26.000", "QueryName": "registry.npmjs.org", "QueryStatus": "0", "Image": "powershell.exe", "Computer": "WKS-EVE04", "User": "CONTOSO\\david"}
{"EventID": 22, "UtcTime": "2026-04-19 18:22:03.000", "QueryName": "grok.com", "QueryStatus": "0", "Image": "Cursor.exe", "Computer": "WKS-GRA06", "User": "CONTOSO\\eve"}
{"EventID": 22, "UtcTime": "2026-04-19 18:41:56.000", "QueryName": "www.midjourney.com", "QueryStatus": "0", "Image": "Cursor.exe", "Computer": "WKS-IRI08", "User": "CONTOSO\\leo"}
{"EventID": 22, "UtcTime": "2026-04-19 21:53:08.000", "QueryName": "chat.deepseek.com", "QueryStatus": "0", "Image": "firefox.exe", "Computer": "WKS-KAT10", "User": "CONTOSO\\bob"}
{"@timestamp": "2026-04-19T09:54:21.000Z", "event": {"code": "22"}, "host": {"name": "WKS-KAT10"}, "user": {"name": "iris"}, "winlog": {"event_data": {"QueryName": "grok.com", "QueryStatus": "0", "Image": "Teams.exe"}}}
{"@timestamp": "2026-04-19T14:21:11.000Z", "event": {"code": "22"}, "host": {"name": "WKS-HEN07"}, "user": {"name": "leo"}, "winlog": {"event_data": {"QueryName": "api.mistral.ai", "QueryStatus": "0", "Image": "Outlook.exe"}}}
{"@timestamp": "2026-04-19T18:31:29.000Z", "event": {"code": "22"}, "host": {"name": "WKS-JAC09"}, "user": {"name": "jack"}, "winlog": {"event_data": {"QueryName": "cursor.sh", "QueryStatus": "0", "Image": "Outlook.exe"}}}
{"@timestamp": "2026-04-19T20:09:31.000Z", "event": {"code": "22"}, "host": {"name": "WKS-ALI00"}, "user": {"name": "carol"}, "winlog": {"event_data": {"QueryName": "api.openai.com", "QueryStatus": "0", "Image": "powershell.exe"}}}
{"@timestamp": "2026-04-19T20:52:09.000Z", "event": {"code": "22"}, "host": {"name": "WKS-DAV03"}, "user": {"name": "bob"}, "winlog": {"event_data": {"QueryName": "claude.ai", "QueryStatus": "0", "Image": "msedge.exe"}}}
{"EventID": 22, "UtcTime": "2026-04-20 09:28:10.000", "QueryName": "www.microsoft.com", "QueryStatus": "0", "Image": "firefox.exe", "Computer": "WKS-LEO11", "User": "CONTOSO\\eve"}
{"EventID": 22, "UtcTime": "2026-04-20 12:43:34.000", "QueryName": "chat.deepseek.com", "QueryStatus": "0", "Image": "Outlook.exe", "Computer": "WKS-CAR02", "User": "CONTOSO\\bob"}
{"EventID": 22, "UtcTime": "2026-04-20 14:17:02.000", "QueryName": "github.com", "QueryStatus": "0", "Image": "Cursor.exe", "Computer": "WKS-LEO11", "User": "CONTOSO\\frank"}
{"EventID": 22, "UtcTime": "2026-04-20 17:01:24.000", "QueryName": "chat.openai.com", "QueryStatus": "0", "Image": "Teams.exe", "Computer": "WKS-HEN07", "User": "CONTOSO\\alice"}
{"EventID": 22, "UtcTime": "2026-04-20 17:39:43.000", "QueryName": "github.com", "QueryStatus": "0", "Image": "firefox.exe", "Computer": "WKS-KAT10", "User": "CONTOSO\\iris"}
{"EventID": 22, "UtcTime": "2026-04-20 18:06:31.000", "QueryName": "claude.ai", "QueryStatus": "0", "Image": "chrome.exe", "Computer": "WKS-LEO11", "User": "CONTOSO\\henry"}
{"EventID": 22, "UtcTime": "2026-04-20 18:55:01.000", "QueryName": "gemini.google.com", "QueryStatus": "0", "Image": "brave.exe", "Computer": "WKS-CAR02", "User": "CONTOSO\\alice"}
{"EventID": 22, "UtcTime": "2026-04-20 19:34:01.000", "QueryName": "chat.openai.com", "QueryStatus": "0", "Image": "Cursor.exe", "Computer": "WKS-KAT10", "User": "CONTOSO\\iris"}
{"@timestamp": "2026-04-20T01:28:58.000Z", "event": {"code": "22"}, "host": {"name": "WKS-JAC09"}, "user": {"name": "kate"}, "winlog": {"event_data": {"QueryName": "claude.ai", "QueryStatus": "0", "Image": "Cursor.exe"}}}
{"@timestamp": "2026-04-20T12:03:41.000Z", "event": {"code": "22"}, "host": {"name": "WKS-HEN07"}, "user": {"name": "frank"}, "winlog": {"event_data": {"QueryName": "app.grammarly.com", "QueryStatus": "0", "Image": "powershell.exe"}}}
{"@timestamp": "2026-04-20T17:04:15.000Z", "event": {"code": "22"}, "host": {"name": "WKS-KAT10"}, "user": {"name": "kate"}, "winlog": {"event_data": {"QueryName": "www.midjourney.com", "QueryStatus": "0", "Image": "Code.exe"}}}
{"@timestamp": "2026-04-20T18:29:44.000Z", "event": {"code": "22"}, "host": {"name": "WKS-HEN07"}, "user": {"name": "kate"}, "winlog": {"event_data": {"QueryName": "api.github.com", "QueryStatus": "0", "Image": "msedge.exe"}}}
{"@timestamp": "2026-04-20T18:36:28.000Z", "event": {"code": "22"}, "host": {"name": "WKS-HEN07"}, "user": {"name": "eve"}, "winlog": {"event_data": {"QueryName": "claude.ai", "QueryStatus": "0", "Image": "Teams.exe"}}}
