{"EventID": 22, "UtcTime": "2026-04-18 09:00:01.123", "QueryName": "chat.openai.com", "QueryStatus": "0", "Image": "C:\\Program Files\\Mozilla Firefox\\firefox.exe", "Computer": "WKS-ALPHA", "User": "CONTOSO\\alice"}
{"EventID": 22, "UtcTime": "2026-04-18 09:00:05.456", "QueryName": "api.anthropic.com", "QueryStatus": "0", "Image": "C:\\Users\\alice\\AppData\\Local\\Programs\\cursor\\Cursor.exe", "Computer": "WKS-ALPHA", "User": "CONTOSO\\alice"}
{"EventID": 1, "UtcTime": "2026-04-18 09:00:07.000", "Image": "notepad.exe", "Computer": "WKS-ALPHA"}
{"EventID": 22, "UtcTime": "2026-04-18 09:00:10.789", "QueryName": "copilot.microsoft.com", "QueryStatus": "0", "Image": "C:\\Program Files\\Google\\Chrome\\Application\\chrome.exe", "Computer": "WKS-BETA", "User": "CONTOSO\\bob"}
{"@timestamp": "2026-04-18T10:15:00.000Z", "event": {"code": "22"}, "host": {"name": "WKS-GAMMA"}, "user": {"name": "carol"}, "winlog": {"event_data": {"QueryName": "claude.ai", "QueryStatus": "0", "Image": "C:\\Program Files\\Microsoft\\Edge\\Application\\msedge.exe"}}}
{"@timestamp": "2026-04-18T10:20:30.000Z", "event": {"code": "22"}, "host": {"name": "WKS-GAMMA"}, "user": {"name": "carol"}, "winlog": {"event_data": {"QueryName": "gemini.google.com", "QueryStatus": "0", "Image": "msedge.exe"}}}
{"TimeCreated": "2026-04-18T11:00:00.000Z", "sysmon": {"EventID": 22, "QueryName": "perplexity.ai", "QueryStatus": "0", "Image": "brave.exe"}, "Computer": "WKS-DELTA", "User": "eve"}
{"EventID": 22, "UtcTime": "invalid-timestamp", "QueryName": "should.be.dropped", "Computer": "WKS-X"}
{"EventID": 22, "UtcTime": "2026-04-18 12:00:00.000", "QueryName": "", "Computer": "WKS-X"}
{"EventID": 22, "UtcTime": "2026-04-18 13:00:00.000", "QueryName": "ChatGPT.OpenAI.Com.", "QueryStatus": "0", "Image": "firefox.exe", "Computer": "WKS-EPSILON"}
{"EventID": 22, "UtcTime": "2026-04-18 13:30:11.000", "QueryName": "claude.ai", "QueryStatus": "0", "Image": "C:\\Program Files\\Mozilla Firefox\\firefox.exe", "Computer": "WKS-ZETA", "User": "CONTOSO\\frank"}
{"EventID": 22, "UtcTime": "2026-04-18 14:00:00.000", "QueryName": "api.openai.com", "QueryStatus": "0", "Image": "C:\\Users\\grace\\AppData\\Local\\Programs\\Cursor\\Cursor.exe", "Computer": "WKS-ETA", "User": "CONTOSO\\grace"}
{"EventID": 22, "UtcTime": "2026-04-18 14:15:30.000", "QueryName": "gemini.google.com", "QueryStatus": "0", "Image": "C:\\Program Files\\Google\\Chrome\\Application\\chrome.exe", "Computer": "WKS-THETA", "User": "CONTOSO\\heidi"}
{"EventID": 22, "UtcTime": "2026-04-18 14:45:00.000", "QueryName": "www.perplexity.ai", "QueryStatus": "0", "Image": "C:\\Program Files\\Mozilla Firefox\\firefox.exe", "Computer": "WKS-IOTA", "User": "CONTOSO\\ivan"}
{"EventID": 22, "UtcTime": "2026-04-18 15:00:00.000", "QueryName": "copilot.github.com", "QueryStatus": "0", "Image": "C:\\Users\\judy\\AppData\\Local\\Programs\\Microsoft VS Code\\Code.exe", "Computer": "WKS-KAPPA", "User": "CONTOSO\\judy"}
{"EventID": 22, "UtcTime": "2026-04-18 15:30:00.000", "QueryName": "huggingface.co", "QueryStatus": "0", "Image": "python.exe", "Computer": "WKS-LAMBDA", "User": "CONTOSO\\karl"}
